TN:
SF:src/core/integration-manager.ts
FN:12,(anonymous_0)
FN:18,(anonymous_1)
FN:56,(anonymous_2)
FN:83,(anonymous_3)
FN:102,(anonymous_4)
FN:109,(anonymous_5)
FNF:6
FNH:0
FNDA:0,(anonymous_0)
FNDA:0,(anonymous_1)
FNDA:0,(anonymous_2)
FNDA:0,(anonymous_3)
FNDA:0,(anonymous_4)
FNDA:0,(anonymous_5)
DA:9,0
DA:13,0
DA:15,0
DA:24,0
DA:26,0
DA:27,0
DA:29,0
DA:30,0
DA:33,0
DA:35,0
DA:36,0
DA:38,0
DA:39,0
DA:41,0
DA:42,0
DA:45,0
DA:53,0
DA:58,0
DA:59,0
DA:70,0
DA:85,0
DA:91,0
DA:104,0
DA:109,0
DA:117,0
LF:25
LH:0
BRDA:27,0,0,0
BRDA:33,1,0,0
BRDA:33,1,1,0
BRDA:33,1,2,0
BRDA:87,2,0,0
BRDA:87,2,1,0
BRF:6
BRH:0
end_of_record
TN:
SF:src/core/nlp-parser.ts
FN:14,(anonymous_0)
FN:19,(anonymous_1)
FN:281,(anonymous_2)
FN:343,(anonymous_3)
FN:362,(anonymous_4)
FN:373,(anonymous_5)
FN:381,(anonymous_6)
FN:391,(anonymous_7)
FN:422,(anonymous_8)
FN:440,(anonymous_9)
FN:443,(anonymous_10)
FN:450,(anonymous_11)
FN:466,(anonymous_12)
FN:469,(anonymous_13)
FN:476,(anonymous_14)
FN:548,(anonymous_15)
FN:594,(anonymous_16)
FN:598,(anonymous_17)
FN:602,(anonymous_18)
FN:627,(anonymous_19)
FN:635,(anonymous_20)
FN:637,(anonymous_21)
FN:645,(anonymous_22)
FN:647,(anonymous_23)
FN:691,(anonymous_24)
FN:734,(anonymous_25)
FN:753,(anonymous_26)
FN:775,(anonymous_27)
FN:786,(anonymous_28)
FN:789,(anonymous_29)
FN:801,(anonymous_30)
FN:808,(anonymous_31)
FN:820,(anonymous_32)
FN:893,(anonymous_33)
FN:895,(anonymous_34)
FN:901,(anonymous_35)
FN:910,(anonymous_36)
FN:922,(anonymous_37)
FNF:38
FNH:38
FNDA:12,(anonymous_0)
FNDA:12,(anonymous_1)
FNDA:13,(anonymous_2)
FNDA:13,(anonymous_3)
FNDA:3,(anonymous_4)
FNDA:3,(anonymous_5)
FNDA:3,(anonymous_6)
FNDA:3,(anonymous_7)
FNDA:13,(anonymous_8)
FNDA:78,(anonymous_9)
FNDA:3,(anonymous_10)
FNDA:13,(anonymous_11)
FNDA:65,(anonymous_12)
FNDA:8,(anonymous_13)
FNDA:13,(anonymous_14)
FNDA:13,(anonymous_15)
FNDA:65,(anonymous_16)
FNDA:91,(anonymous_17)
FNDA:234,(anonymous_18)
FNDA:13,(anonymous_19)
FNDA:182,(anonymous_20)
FNDA:1339,(anonymous_21)
FNDA:169,(anonymous_22)
FNDA:1261,(anonymous_23)
FNDA:56,(anonymous_24)
FNDA:13,(anonymous_25)
FNDA:4,(anonymous_26)
FNDA:3,(anonymous_27)
FNDA:4,(anonymous_28)
FNDA:3,(anonymous_29)
FNDA:1,(anonymous_30)
FNDA:3,(anonymous_31)
FNDA:3,(anonymous_32)
FNDA:117,(anonymous_33)
FNDA:400,(anonymous_34)
FNDA:4,(anonymous_35)
FNDA:13,(anonymous_36)
FNDA:4,(anonymous_37)
DA:9,1
DA:10,12
DA:11,12
DA:15,12
DA:16,12
DA:20,12
DA:154,12
DA:282,13
DA:283,13
DA:296,13
DA:297,13
DA:300,13
DA:303,13
DA:309,13
DA:316,13
DA:318,13
DA:327,13
DA:334,13
DA:336,0
DA:337,0
DA:344,13
DA:345,13
DA:348,13
DA:349,13
DA:354,1
DA:355,12
DA:360,1
DA:361,11
DA:363,3
DA:371,0
DA:372,11
DA:373,3
DA:379,0
DA:380,11
DA:381,3
DA:389,1
DA:390,10
DA:392,3
DA:400,1
DA:403,13
DA:404,13
DA:405,0
DA:407,13
DA:408,0
DA:410,13
DA:411,0
DA:414,13
DA:423,13
DA:438,13
DA:440,13
DA:441,78
DA:442,78
DA:443,3
DA:447,13
DA:451,13
DA:464,13
DA:466,13
DA:467,65
DA:468,65
DA:469,8
DA:473,13
DA:477,13
DA:480,13
DA:484,13
DA:485,2
DA:498,13
DA:500,13
DA:501,0
DA:514,13
DA:515,13
DA:516,2
DA:529,13
DA:531,13
DA:532,0
DA:545,13
DA:553,13
DA:556,13
DA:563,13
DA:572,13
DA:594,13
DA:595,65
DA:598,13
DA:599,91
DA:602,13
DA:603,234
DA:607,13
DA:608,13
DA:609,13
DA:612,13
DA:616,2
DA:619,13
DA:622,13
DA:623,9
DA:624,1
DA:631,13
DA:632,13
DA:635,13
DA:637,182
DA:638,1339
DA:639,28
DA:645,13
DA:647,169
DA:648,1261
DA:649,28
DA:656,13
DA:660,2
DA:661,2
DA:665,1
DA:666,1
DA:669,1
DA:673,0
DA:675,1
DA:677,1
DA:680,13
DA:681,13
DA:682,0
DA:684,13
DA:688,13
DA:695,56
DA:729,56
DA:739,13
DA:753,13
DA:754,4
DA:755,2
DA:761,1
DA:763,2
DA:768,1
DA:774,13
DA:776,3
DA:786,4
DA:788,13
DA:790,3
DA:801,1
DA:806,13
DA:809,3
DA:816,13
DA:819,13
DA:821,3
DA:831,13
DA:838,13
DA:893,13
DA:895,400
DA:896,16
DA:901,13
DA:902,4
DA:903,2
DA:907,13
DA:911,13
DA:914,13
DA:915,13
DA:916,13
DA:917,13
DA:921,13
DA:922,4
DA:927,13
DA:929,13
LF:156
LH:145
BRDA:349,0,0,1
BRDA:349,0,1,12
BRDA:350,1,0,13
BRDA:350,1,1,13
BRDA:350,1,2,12
BRDA:355,2,0,1
BRDA:355,2,1,11
BRDA:356,3,0,12
BRDA:356,3,1,12
BRDA:356,3,2,11
BRDA:361,4,0,0
BRDA:361,4,1,11
BRDA:372,5,0,0
BRDA:372,5,1,11
BRDA:380,6,0,1
BRDA:380,6,1,10
BRDA:381,7,0,11
BRDA:381,7,1,11
BRDA:381,7,2,10
BRDA:390,8,0,1
BRDA:404,9,0,0
BRDA:404,10,0,13
BRDA:404,10,1,13
BRDA:407,11,0,0
BRDA:407,12,0,13
BRDA:407,12,1,13
BRDA:410,13,0,0
BRDA:410,14,0,13
BRDA:410,14,1,13
BRDA:442,15,0,3
BRDA:468,16,0,8
BRDA:595,17,0,1
BRDA:599,18,0,2
BRDA:603,19,0,4
BRDA:612,20,0,2
BRDA:613,21,0,13
BRDA:613,21,1,12
BRDA:622,22,0,4
BRDA:623,23,0,8
BRDA:638,24,0,28
BRDA:648,25,0,28
BRDA:656,26,0,1
BRDA:656,26,1,2
BRDA:656,26,2,2
BRDA:656,26,3,1
BRDA:656,26,4,1
BRDA:656,26,5,1
BRDA:656,26,6,1
BRDA:669,27,0,0
BRDA:669,27,1,1
BRDA:670,28,0,1
BRDA:670,28,1,1
BRDA:680,29,0,1
BRDA:680,30,0,13
BRDA:680,30,1,13
BRDA:681,31,0,0
BRDA:681,32,0,13
BRDA:681,32,1,13
BRDA:681,32,2,13
BRDA:688,33,0,8
BRDA:688,33,1,5
BRDA:729,34,0,56
BRDA:729,34,1,0
BRDA:754,35,0,2
BRDA:755,36,0,1
BRDA:756,37,0,2
BRDA:756,37,1,1
BRDA:756,37,2,1
BRDA:756,37,3,1
BRDA:763,38,0,1
BRDA:764,39,0,2
BRDA:764,39,1,2
BRDA:764,39,2,1
BRDA:775,40,0,13
BRDA:775,40,1,13
BRDA:789,41,0,13
BRDA:789,41,1,10
BRDA:807,42,0,13
BRDA:807,42,1,12
BRDA:817,43,0,13
BRDA:817,43,1,13
BRDA:820,44,0,13
BRDA:820,44,1,13
BRDA:820,44,2,12
BRDA:832,45,0,13
BRDA:832,45,1,13
BRDA:832,45,2,13
BRDA:832,45,3,13
BRDA:895,46,0,16
BRDA:902,47,0,2
BRDA:914,48,0,3
BRDA:915,49,0,5
BRDA:916,50,0,3
BRDA:917,51,0,4
BRDA:921,52,0,3
BRDA:921,52,1,10
BRF:96
BRH:88
end_of_record
TN:
SF:src/core/script-generator.ts
FN:26,(anonymous_0)
FN:41,(anonymous_1)
FN:149,(anonymous_2)
FN:180,(anonymous_3)
FN:209,(anonymous_4)
FN:241,(anonymous_5)
FN:263,(anonymous_6)
FN:279,(anonymous_7)
FN:295,(anonymous_8)
FN:314,(anonymous_9)
FN:333,(anonymous_10)
FN:342,(anonymous_11)
FN:347,(anonymous_12)
FN:380,(anonymous_13)
FN:421,(anonymous_14)
FN:422,(anonymous_15)
FNF:16
FNH:0
FNDA:0,(anonymous_0)
FNDA:0,(anonymous_1)
FNDA:0,(anonymous_2)
FNDA:0,(anonymous_3)
FNDA:0,(anonymous_4)
FNDA:0,(anonymous_5)
FNDA:0,(anonymous_6)
FNDA:0,(anonymous_7)
FNDA:0,(anonymous_8)
FNDA:0,(anonymous_9)
FNDA:0,(anonymous_10)
FNDA:0,(anonymous_11)
FNDA:0,(anonymous_12)
FNDA:0,(anonymous_13)
FNDA:0,(anonymous_14)
FNDA:0,(anonymous_15)
DA:9,0
DA:11,0
DA:13,0
DA:15,0
DA:18,0
DA:27,0
DA:28,0
DA:30,0
DA:31,0
DA:32,0
DA:33,0
DA:35,0
DA:44,0
DA:45,0
DA:53,0
DA:56,0
DA:61,0
DA:62,0
DA:67,0
DA:70,0
DA:77,0
DA:83,0
DA:93,0
DA:101,0
DA:119,0
DA:128,0
DA:130,0
DA:132,0
DA:154,0
DA:155,0
DA:159,0
DA:162,0
DA:163,0
DA:168,0
DA:172,0
DA:174,0
DA:177,0
DA:186,0
DA:194,0
DA:210,0
DA:218,0
DA:242,0
DA:244,0
DA:245,0
DA:248,0
DA:249,0
DA:252,0
DA:253,0
DA:256,0
DA:257,0
DA:260,0
DA:267,0
DA:270,0
DA:271,0
DA:274,0
DA:275,0
DA:278,0
DA:280,0
DA:288,0
DA:292,0
DA:299,0
DA:311,0
DA:318,0
DA:330,0
DA:334,0
DA:336,0
DA:343,0
DA:351,0
DA:352,0
DA:353,0
DA:356,0
DA:359,0
DA:371,0
DA:372,0
DA:383,0
DA:388,0
DA:390,0
DA:392,0
DA:393,0
DA:398,0
DA:399,0
DA:401,0
DA:403,0
DA:418,0
DA:421,0
DA:422,0
DA:425,0
LF:87
LH:0
BRDA:49,0,0,0
BRDA:49,0,1,0
BRDA:73,1,0,0
BRDA:73,1,1,0
BRDA:83,2,0,0
BRDA:83,2,1,0
BRDA:154,3,0,0
BRDA:154,4,0,0
BRDA:154,4,1,0
BRDA:162,5,0,0
BRDA:172,6,0,0
BRDA:172,6,1,0
BRDA:244,7,0,0
BRDA:248,8,0,0
BRDA:252,9,0,0
BRDA:256,10,0,0
BRDA:270,11,0,0
BRDA:270,11,1,0
BRDA:274,12,0,0
BRDA:278,13,0,0
BRDA:356,14,0,0
BRDA:356,14,1,0
BRDA:360,15,0,0
BRDA:360,15,1,0
BRDA:363,16,0,0
BRDA:363,16,1,0
BRDA:364,17,0,0
BRDA:364,17,1,0
BRF:28
BRH:0
end_of_record
TN:
SF:src/core/template-engine.ts
FN:25,(anonymous_9)
FN:39,(anonymous_10)
FN:41,(anonymous_11)
FN:46,(anonymous_12)
FN:49,(anonymous_13)
FN:80,(anonymous_14)
FN:85,(anonymous_15)
FN:99,(anonymous_16)
FN:103,(anonymous_17)
FN:122,(anonymous_18)
FN:321,(anonymous_19)
FN:326,(anonymous_20)
FN:387,(anonymous_21)
FN:392,(anonymous_22)
FN:399,(anonymous_23)
FN:406,(anonymous_24)
FN:407,(anonymous_25)
FN:412,(anonymous_26)
FN:413,(anonymous_27)
FN:418,(anonymous_28)
FN:419,(anonymous_29)
FN:424,(anonymous_30)
FN:425,(anonymous_31)
FN:430,(anonymous_32)
FN:431,(anonymous_33)
FN:435,(anonymous_34)
FN:443,(anonymous_35)
FN:467,(anonymous_36)
FN:505,(anonymous_37)
FN:535,(anonymous_38)
FN:560,(anonymous_39)
FN:568,(anonymous_40)
FN:572,(anonymous_41)
FN:578,(anonymous_42)
FN:623,(anonymous_43)
FN:641,(anonymous_44)
FN:667,(anonymous_45)
FN:672,(anonymous_46)
FN:681,(anonymous_47)
FN:684,(anonymous_48)
FN:697,(anonymous_49)
FN:761,(anonymous_50)
FN:881,(anonymous_51)
FN:1009,(anonymous_52)
FN:1035,(anonymous_53)
FN:1162,(anonymous_54)
FNF:46
FNH:0
FNDA:0,(anonymous_9)
FNDA:0,(anonymous_10)
FNDA:0,(anonymous_11)
FNDA:0,(anonymous_12)
FNDA:0,(anonymous_13)
FNDA:0,(anonymous_14)
FNDA:0,(anonymous_15)
FNDA:0,(anonymous_16)
FNDA:0,(anonymous_17)
FNDA:0,(anonymous_18)
FNDA:0,(anonymous_19)
FNDA:0,(anonymous_20)
FNDA:0,(anonymous_21)
FNDA:0,(anonymous_22)
FNDA:0,(anonymous_23)
FNDA:0,(anonymous_24)
FNDA:0,(anonymous_25)
FNDA:0,(anonymous_26)
FNDA:0,(anonymous_27)
FNDA:0,(anonymous_28)
FNDA:0,(anonymous_29)
FNDA:0,(anonymous_30)
FNDA:0,(anonymous_31)
FNDA:0,(anonymous_32)
FNDA:0,(anonymous_33)
FNDA:0,(anonymous_34)
FNDA:0,(anonymous_35)
FNDA:0,(anonymous_36)
FNDA:0,(anonymous_37)
FNDA:0,(anonymous_38)
FNDA:0,(anonymous_39)
FNDA:0,(anonymous_40)
FNDA:0,(anonymous_41)
FNDA:0,(anonymous_42)
FNDA:0,(anonymous_43)
FNDA:0,(anonymous_44)
FNDA:0,(anonymous_45)
FNDA:0,(anonymous_46)
FNDA:0,(anonymous_47)
FNDA:0,(anonymous_48)
FNDA:0,(anonymous_49)
FNDA:0,(anonymous_50)
FNDA:0,(anonymous_51)
FNDA:0,(anonymous_52)
FNDA:0,(anonymous_53)
FNDA:0,(anonymous_54)
DA:1,0
DA:4,0
DA:5,0
DA:16,0
DA:26,0
DA:27,0
DA:28,0
DA:29,0
DA:30,0
DA:33,0
DA:35,0
DA:36,0
DA:41,0
DA:42,0
DA:46,0
DA:47,0
DA:49,0
DA:50,0
DA:52,0
DA:54,0
DA:56,0
DA:58,0
DA:60,0
DA:62,0
DA:64,0
DA:66,0
DA:68,0
DA:70,0
DA:72,0
DA:77,0
DA:80,0
DA:81,0
DA:83,0
DA:85,0
DA:96,0
DA:99,0
DA:100,0
DA:103,0
DA:104,0
DA:124,0
DA:154,0
DA:186,0
DA:220,0
DA:221,0
DA:222,0
DA:252,0
DA:284,0
DA:316,0
DA:321,0
DA:331,0
DA:336,0
DA:338,0
DA:341,0
DA:348,0
DA:349,0
DA:350,0
DA:351,0
DA:352,0
DA:356,0
DA:360,0
DA:365,0
DA:372,0
DA:381,0
DA:382,0
DA:391,0
DA:392,0
DA:395,0
DA:399,0
DA:403,0
DA:405,0
DA:406,0
DA:407,0
DA:411,0
DA:412,0
DA:413,0
DA:417,0
DA:418,0
DA:419,0
DA:423,0
DA:424,0
DA:425,0
DA:429,0
DA:430,0
DA:431,0
DA:435,0
DA:436,0
DA:439,0
DA:448,0
DA:464,0
DA:468,0
DA:469,0
DA:471,0
DA:474,0
DA:475,0
DA:476,0
DA:477,0
DA:479,0
DA:480,0
DA:481,0
DA:485,0
DA:486,0
DA:487,0
DA:490,0
DA:491,0
DA:492,0
DA:495,0
DA:496,0
DA:497,0
DA:498,0
DA:502,0
DA:508,0
DA:510,0
DA:512,0
DA:513,0
DA:514,0
DA:517,0
DA:518,0
DA:520,0
DA:523,0
DA:524,0
DA:529,0
DA:532,0
DA:536,0
DA:539,0
DA:541,0
DA:542,0
DA:543,0
DA:547,0
DA:549,0
DA:552,0
DA:554,0
DA:556,0
DA:564,0
DA:567,0
DA:568,0
DA:571,0
DA:572,0
DA:575,0
DA:586,0
DA:587,0
DA:588,0
DA:591,0
DA:592,0
DA:595,0
DA:596,0
DA:597,0
DA:599,0
DA:600,0
DA:602,0
DA:603,0
DA:604,0
DA:606,0
DA:607,0
DA:611,0
DA:616,0
DA:619,0
DA:624,0
DA:626,0
DA:628,0
DA:629,0
DA:631,0
DA:634,0
DA:642,0
DA:643,0
DA:645,0
DA:646,0
DA:647,0
DA:648,0
DA:649,0
DA:653,0
DA:659,0
DA:669,0
DA:670,0
DA:671,0
DA:672,0
DA:675,0
DA:681,0
DA:684,0
DA:689,0
DA:698,0
DA:762,0
DA:882,0
DA:1010,0
DA:1031,0
DA:1032,0
DA:1036,0
DA:1163,0
LF:187
LH:0
BRDA:47,0,0,0
BRDA:47,1,0,0
BRDA:47,1,1,0
BRDA:50,2,0,0
BRDA:50,2,1,0
BRDA:50,2,2,0
BRDA:50,2,3,0
BRDA:50,2,4,0
BRDA:50,2,5,0
BRDA:50,2,6,0
BRDA:50,2,7,0
BRDA:50,2,8,0
BRDA:50,2,9,0
BRDA:50,2,10,0
BRDA:81,3,0,0
BRDA:81,4,0,0
BRDA:81,4,1,0
BRDA:403,5,0,0
BRDA:403,5,1,0
BRDA:403,5,2,0
BRDA:403,5,3,0
BRDA:403,5,4,0
BRDA:403,5,5,0
BRDA:406,6,0,0
BRDA:406,6,1,0
BRDA:412,7,0,0
BRDA:412,7,1,0
BRDA:418,8,0,0
BRDA:418,8,1,0
BRDA:424,9,0,0
BRDA:424,9,1,0
BRDA:430,10,0,0
BRDA:430,10,1,0
BRDA:474,11,0,0
BRDA:475,12,0,0
BRDA:479,13,0,0
BRDA:485,14,0,0
BRDA:490,15,0,0
BRDA:495,16,0,0
BRDA:510,17,0,0
BRDA:510,17,1,0
BRDA:510,17,2,0
BRDA:567,18,0,0
BRDA:567,19,0,0
BRDA:567,19,1,0
BRDA:571,20,0,0
BRDA:571,21,0,0
BRDA:571,21,1,0
BRDA:591,22,0,0
BRDA:591,23,0,0
BRDA:591,23,1,0
BRDA:595,24,0,0
BRDA:595,24,1,0
BRDA:596,25,0,0
BRDA:599,26,0,0
BRDA:602,27,0,0
BRDA:603,28,0,0
BRDA:606,29,0,0
BRDA:611,30,0,0
BRDA:612,31,0,0
BRDA:612,31,1,0
BRDA:612,31,2,0
BRDA:629,32,0,0
BRDA:646,33,0,0
BRF:64
BRH:0
end_of_record
TN:
SF:src/core/validator.ts
FN:20,(anonymous_9)
FN:29,(anonymous_10)
FN:92,(anonymous_11)
FN:153,(anonymous_12)
FN:198,(anonymous_13)
FN:238,(anonymous_14)
FN:363,(anonymous_15)
FN:442,(anonymous_16)
FN:447,(anonymous_17)
FN:455,(anonymous_18)
FN:459,(anonymous_19)
FN:463,(anonymous_20)
FN:471,(anonymous_21)
FN:476,(anonymous_22)
FNF:14
FNH:0
FNDA:0,(anonymous_9)
FNDA:0,(anonymous_10)
FNDA:0,(anonymous_11)
FNDA:0,(anonymous_12)
FNDA:0,(anonymous_13)
FNDA:0,(anonymous_14)
FNDA:0,(anonymous_15)
FNDA:0,(anonymous_16)
FNDA:0,(anonymous_17)
FNDA:0,(anonymous_18)
FNDA:0,(anonymous_19)
FNDA:0,(anonymous_20)
FNDA:0,(anonymous_21)
FNDA:0,(anonymous_22)
DA:3,0
DA:4,0
DA:5,0
DA:16,0
DA:21,0
DA:22,0
DA:31,0
DA:39,0
DA:40,0
DA:44,0
DA:46,0
DA:49,0
DA:50,0
DA:54,0
DA:56,0
DA:59,0
DA:60,0
DA:62,0
DA:64,0
DA:65,0
DA:67,0
DA:70,0
DA:77,0
DA:79,0
DA:97,0
DA:98,0
DA:101,0
DA:105,0
DA:108,0
DA:109,0
DA:115,0
DA:116,0
DA:117,0
DA:119,0
DA:126,0
DA:133,0
DA:135,0
DA:136,0
DA:157,0
DA:159,0
DA:160,0
DA:161,0
DA:166,0
DA:168,0
DA:175,0
DA:176,0
DA:180,0
DA:181,0
DA:182,0
DA:187,0
DA:189,0
DA:194,0
DA:195,0
DA:199,0
DA:204,0
DA:205,0
DA:210,0
DA:222,0
DA:229,0
DA:242,0
DA:245,0
DA:246,0
DA:247,0
DA:248,0
DA:249,0
DA:250,0
DA:251,0
DA:255,0
DA:259,0
DA:260,0
DA:262,0
DA:306,0
DA:308,0
DA:309,0
DA:313,0
DA:314,0
DA:315,0
DA:320,0
DA:321,0
DA:326,0
DA:327,0
DA:331,0
DA:332,0
DA:337,0
DA:342,0
DA:343,0
DA:346,0
DA:348,0
DA:354,0
DA:367,0
DA:370,0
DA:375,0
DA:380,0
DA:381,0
DA:384,0
DA:385,0
DA:386,0
DA:391,0
DA:392,0
DA:397,0
DA:398,0
DA:402,0
DA:403,0
DA:404,0
DA:409,0
DA:413,0
DA:416,0
DA:417,0
DA:423,0
DA:428,0
DA:433,0
DA:447,0
DA:448,0
DA:452,0
DA:453,0
DA:455,0
DA:456,0
DA:459,0
DA:460,0
DA:463,0
DA:464,0
DA:471,0
DA:472,0
DA:476,0
DA:477,0
DA:478,0
DA:485,0
LF:127
LH:0
BRDA:20,0,0,0
BRDA:77,1,0,0
BRDA:77,1,1,0
BRDA:77,1,2,0
BRDA:97,2,0,0
BRDA:97,3,0,0
BRDA:97,3,1,0
BRDA:101,4,0,0
BRDA:101,5,0,0
BRDA:101,5,1,0
BRDA:160,6,0,0
BRDA:160,6,1,0
BRDA:175,7,0,0
BRDA:181,8,0,0
BRDA:194,9,0,0
BRDA:199,10,0,0
BRDA:199,10,1,0
BRDA:199,10,2,0
BRDA:204,11,0,0
BRDA:204,11,1,0
BRDA:212,12,0,0
BRDA:212,12,1,0
BRDA:308,13,0,0
BRDA:313,14,0,0
BRDA:313,14,1,0
BRDA:314,15,0,0
BRDA:320,16,0,0
BRDA:320,17,0,0
BRDA:320,17,1,0
BRDA:326,18,0,0
BRDA:331,19,0,0
BRDA:332,20,0,0
BRDA:333,21,0,0
BRDA:333,21,1,0
BRDA:342,22,0,0
BRDA:346,23,0,0
BRDA:346,24,0,0
BRDA:346,24,1,0
BRDA:370,25,0,0
BRDA:371,26,0,0
BRDA:371,26,1,0
BRDA:371,26,2,0
BRDA:380,27,0,0
BRDA:380,28,0,0
BRDA:380,28,1,0
BRDA:384,29,0,0
BRDA:384,29,1,0
BRDA:385,30,0,0
BRDA:391,31,0,0
BRDA:397,32,0,0
BRDA:402,33,0,0
BRDA:403,34,0,0
BRDA:409,35,0,0
BRDA:410,36,0,0
BRDA:410,36,1,0
BRDA:416,37,0,0
BRDA:416,38,0,0
BRDA:416,38,1,0
BRDA:423,39,0,0
BRDA:424,40,0,0
BRDA:424,40,1,0
BRDA:424,40,2,0
BRDA:465,41,0,0
BRDA:465,41,1,0
BRF:64
BRH:0
end_of_record
