TN:
SF:src/core/integration-manager.ts
FN:12,(anonymous_0)
FN:18,(anonymous_1)
FN:54,(anonymous_2)
FN:80,(anonymous_3)
FN:99,(anonymous_4)
FN:106,(anonymous_5)
FNF:6
FNH:0
FNDA:0,(anonymous_0)
FNDA:0,(anonymous_1)
FNDA:0,(anonymous_2)
FNDA:0,(anonymous_3)
FNDA:0,(anonymous_4)
FNDA:0,(anonymous_5)
DA:9,0
DA:13,0
DA:15,0
DA:24,0
DA:26,0
DA:27,0
DA:29,0
DA:30,0
DA:32,0
DA:34,0
DA:35,0
DA:37,0
DA:38,0
DA:40,0
DA:41,0
DA:44,0
DA:51,0
DA:56,0
DA:57,0
DA:67,0
DA:82,0
DA:88,0
DA:101,0
DA:106,0
DA:113,0
LF:25
LH:0
BRDA:27,0,0,0
BRDA:27,0,1,0
BRDA:32,1,0,0
BRDA:32,1,1,0
BRDA:32,1,2,0
BRDA:84,2,0,0
BRDA:84,2,1,0
BRF:7
BRH:0
end_of_record
TN:
SF:src/core/nlp-parser.ts
FN:14,(anonymous_0)
FN:19,(anonymous_1)
FN:220,(anonymous_2)
FN:275,(anonymous_3)
FN:294,(anonymous_4)
FN:300,(anonymous_5)
FN:304,(anonymous_6)
FN:312,(anonymous_7)
FN:338,(anonymous_8)
FN:356,(anonymous_9)
FN:359,(anonymous_10)
FN:366,(anonymous_11)
FN:382,(anonymous_12)
FN:385,(anonymous_13)
FN:392,(anonymous_14)
FN:449,(anonymous_15)
FN:489,(anonymous_16)
FN:493,(anonymous_17)
FN:497,(anonymous_18)
FN:522,(anonymous_19)
FN:530,(anonymous_20)
FN:531,(anonymous_21)
FN:538,(anonymous_22)
FN:539,(anonymous_23)
FN:580,(anonymous_24)
FN:621,(anonymous_25)
FN:640,(anonymous_26)
FN:662,(anonymous_27)
FN:666,(anonymous_28)
FN:669,(anonymous_29)
FN:673,(anonymous_30)
FN:677,(anonymous_31)
FN:685,(anonymous_32)
FN:710,(anonymous_33)
FN:711,(anonymous_34)
FN:717,(anonymous_35)
FN:726,(anonymous_36)
FN:738,(anonymous_37)
FNF:38
FNH:38
FNDA:12,(anonymous_0)
FNDA:12,(anonymous_1)
FNDA:13,(anonymous_2)
FNDA:13,(anonymous_3)
FNDA:3,(anonymous_4)
FNDA:3,(anonymous_5)
FNDA:3,(anonymous_6)
FNDA:3,(anonymous_7)
FNDA:13,(anonymous_8)
FNDA:78,(anonymous_9)
FNDA:3,(anonymous_10)
FNDA:13,(anonymous_11)
FNDA:65,(anonymous_12)
FNDA:8,(anonymous_13)
FNDA:13,(anonymous_14)
FNDA:13,(anonymous_15)
FNDA:65,(anonymous_16)
FNDA:91,(anonymous_17)
FNDA:234,(anonymous_18)
FNDA:13,(anonymous_19)
FNDA:182,(anonymous_20)
FNDA:1339,(anonymous_21)
FNDA:169,(anonymous_22)
FNDA:1261,(anonymous_23)
FNDA:56,(anonymous_24)
FNDA:13,(anonymous_25)
FNDA:4,(anonymous_26)
FNDA:3,(anonymous_27)
FNDA:4,(anonymous_28)
FNDA:3,(anonymous_29)
FNDA:1,(anonymous_30)
FNDA:3,(anonymous_31)
FNDA:3,(anonymous_32)
FNDA:117,(anonymous_33)
FNDA:400,(anonymous_34)
FNDA:4,(anonymous_35)
FNDA:13,(anonymous_36)
FNDA:4,(anonymous_37)
DA:9,1
DA:10,12
DA:11,12
DA:15,12
DA:16,12
DA:20,12
DA:132,12
DA:221,13
DA:222,13
DA:234,13
DA:235,13
DA:238,13
DA:241,13
DA:244,13
DA:251,13
DA:253,13
DA:262,13
DA:268,13
DA:270,0
DA:271,0
DA:276,13
DA:277,13
DA:280,13
DA:281,13
DA:286,1
DA:287,12
DA:292,1
DA:293,11
DA:295,3
DA:298,0
DA:299,11
DA:300,3
DA:302,0
DA:303,11
DA:305,3
DA:310,1
DA:311,10
DA:313,3
DA:316,1
DA:319,13
DA:320,13
DA:321,0
DA:323,13
DA:324,0
DA:326,13
DA:327,0
DA:330,13
DA:339,13
DA:354,13
DA:356,13
DA:357,78
DA:358,78
DA:359,3
DA:363,13
DA:367,13
DA:380,13
DA:382,13
DA:383,65
DA:384,65
DA:385,8
DA:389,13
DA:393,13
DA:396,13
DA:402,13
DA:403,2
DA:412,13
DA:413,13
DA:414,0
DA:424,13
DA:425,13
DA:426,2
DA:435,13
DA:436,13
DA:437,0
DA:446,13
DA:454,13
DA:457,13
DA:458,13
DA:467,13
DA:489,13
DA:490,65
DA:493,13
DA:494,91
DA:497,13
DA:498,234
DA:502,13
DA:503,13
DA:504,13
DA:507,13
DA:511,2
DA:514,13
DA:517,13
DA:518,9
DA:519,1
DA:526,13
DA:527,13
DA:530,13
DA:531,182
DA:532,1339
DA:533,28
DA:538,13
DA:539,169
DA:540,1261
DA:541,28
DA:547,13
DA:551,2
DA:552,2
DA:556,1
DA:557,1
DA:560,1
DA:564,0
DA:566,1
DA:568,1
DA:571,13
DA:572,13
DA:573,0
DA:575,13
DA:577,13
DA:584,56
DA:618,56
DA:626,13
DA:640,13
DA:641,4
DA:642,2
DA:648,1
DA:650,2
DA:655,1
DA:661,13
DA:663,3
DA:666,4
DA:668,13
DA:670,3
DA:673,1
DA:675,13
DA:678,3
DA:681,13
DA:684,13
DA:686,3
DA:691,13
DA:698,13
DA:710,13
DA:711,400
DA:712,16
DA:717,13
DA:718,4
DA:719,2
DA:723,13
DA:727,13
DA:730,13
DA:731,13
DA:732,13
DA:733,13
DA:737,13
DA:738,4
DA:742,13
DA:744,13
LF:156
LH:145
BRDA:281,0,0,1
BRDA:281,0,1,12
BRDA:282,1,0,13
BRDA:282,1,1,13
BRDA:282,1,2,12
BRDA:287,2,0,1
BRDA:287,2,1,11
BRDA:288,3,0,12
BRDA:288,3,1,12
BRDA:288,3,2,11
BRDA:293,4,0,0
BRDA:293,4,1,11
BRDA:299,5,0,0
BRDA:299,5,1,11
BRDA:303,6,0,1
BRDA:303,6,1,10
BRDA:304,7,0,11
BRDA:304,7,1,11
BRDA:304,7,2,10
BRDA:311,8,0,1
BRDA:311,8,1,9
BRDA:320,9,0,0
BRDA:320,9,1,13
BRDA:320,10,0,13
BRDA:320,10,1,13
BRDA:323,11,0,0
BRDA:323,11,1,13
BRDA:323,12,0,13
BRDA:323,12,1,13
BRDA:326,13,0,0
BRDA:326,13,1,13
BRDA:326,14,0,13
BRDA:326,14,1,13
BRDA:358,15,0,3
BRDA:358,15,1,75
BRDA:384,16,0,8
BRDA:384,16,1,57
BRDA:490,17,0,1
BRDA:490,17,1,64
BRDA:494,18,0,2
BRDA:494,18,1,89
BRDA:498,19,0,4
BRDA:498,19,1,230
BRDA:507,20,0,2
BRDA:507,20,1,11
BRDA:508,21,0,13
BRDA:508,21,1,12
BRDA:517,22,0,4
BRDA:517,22,1,9
BRDA:518,23,0,8
BRDA:518,23,1,1
BRDA:532,24,0,28
BRDA:532,24,1,1311
BRDA:540,25,0,28
BRDA:540,25,1,1233
BRDA:547,26,0,1
BRDA:547,26,1,2
BRDA:547,26,2,2
BRDA:547,26,3,1
BRDA:547,26,4,1
BRDA:547,26,5,1
BRDA:547,26,6,1
BRDA:560,27,0,0
BRDA:560,27,1,1
BRDA:561,28,0,1
BRDA:561,28,1,1
BRDA:571,29,0,1
BRDA:571,29,1,12
BRDA:571,30,0,13
BRDA:571,30,1,13
BRDA:572,31,0,0
BRDA:572,31,1,13
BRDA:572,32,0,13
BRDA:572,32,1,13
BRDA:572,32,2,13
BRDA:577,33,0,8
BRDA:577,33,1,5
BRDA:618,34,0,56
BRDA:618,34,1,0
BRDA:641,35,0,2
BRDA:641,35,1,2
BRDA:642,36,0,1
BRDA:642,36,1,1
BRDA:643,37,0,2
BRDA:643,37,1,1
BRDA:643,37,2,1
BRDA:643,37,3,1
BRDA:650,38,0,1
BRDA:650,38,1,1
BRDA:651,39,0,2
BRDA:651,39,1,2
BRDA:651,39,2,1
BRDA:662,40,0,13
BRDA:662,40,1,13
BRDA:669,41,0,13
BRDA:669,41,1,10
BRDA:676,42,0,13
BRDA:676,42,1,12
BRDA:682,43,0,13
BRDA:682,43,1,13
BRDA:685,44,0,13
BRDA:685,44,1,13
BRDA:685,44,2,12
BRDA:692,45,0,13
BRDA:692,45,1,13
BRDA:692,45,2,13
BRDA:692,45,3,13
BRDA:711,46,0,16
BRDA:711,46,1,101
BRDA:718,47,0,2
BRDA:718,47,1,2
BRDA:730,48,0,3
BRDA:730,48,1,10
BRDA:731,49,0,5
BRDA:731,49,1,8
BRDA:732,50,0,3
BRDA:732,50,1,10
BRDA:733,51,0,4
BRDA:733,51,1,9
BRDA:737,52,0,3
BRDA:737,52,1,10
BRF:121
BRH:113
end_of_record
TN:
SF:src/core/script-generator.ts
FN:22,(anonymous_0)
FN:36,(anonymous_1)
FN:136,(anonymous_2)
FN:164,(anonymous_3)
FN:193,(anonymous_4)
FN:225,(anonymous_5)
FN:247,(anonymous_6)
FN:260,(anonymous_7)
FN:271,(anonymous_8)
FN:287,(anonymous_9)
FN:303,(anonymous_10)
FN:310,(anonymous_11)
FN:314,(anonymous_12)
FN:345,(anonymous_13)
FN:378,(anonymous_14)
FN:379,(anonymous_15)
FNF:16
FNH:0
FNDA:0,(anonymous_0)
FNDA:0,(anonymous_1)
FNDA:0,(anonymous_2)
FNDA:0,(anonymous_3)
FNDA:0,(anonymous_4)
FNDA:0,(anonymous_5)
FNDA:0,(anonymous_6)
FNDA:0,(anonymous_7)
FNDA:0,(anonymous_8)
FNDA:0,(anonymous_9)
FNDA:0,(anonymous_10)
FNDA:0,(anonymous_11)
FNDA:0,(anonymous_12)
FNDA:0,(anonymous_13)
FNDA:0,(anonymous_14)
FNDA:0,(anonymous_15)
DA:9,0
DA:10,0
DA:11,0
DA:12,0
DA:14,0
DA:23,0
DA:24,0
DA:26,0
DA:27,0
DA:28,0
DA:29,0
DA:31,0
DA:39,0
DA:40,0
DA:46,0
DA:49,0
DA:55,0
DA:56,0
DA:59,0
DA:63,0
DA:70,0
DA:76,0
DA:86,0
DA:94,0
DA:111,0
DA:119,0
DA:121,0
DA:123,0
DA:141,0
DA:142,0
DA:145,0
DA:148,0
DA:149,0
DA:153,0
DA:157,0
DA:160,0
DA:161,0
DA:170,0
DA:178,0
DA:194,0
DA:202,0
DA:226,0
DA:228,0
DA:229,0
DA:232,0
DA:233,0
DA:236,0
DA:237,0
DA:240,0
DA:241,0
DA:244,0
DA:251,0
DA:254,0
DA:255,0
DA:256,0
DA:257,0
DA:259,0
DA:261,0
DA:264,0
DA:268,0
DA:275,0
DA:284,0
DA:291,0
DA:300,0
DA:304,0
DA:305,0
DA:311,0
DA:318,0
DA:319,0
DA:320,0
DA:323,0
DA:325,0
DA:337,0
DA:338,0
DA:348,0
DA:352,0
DA:354,0
DA:355,0
DA:356,0
DA:359,0
DA:360,0
DA:362,0
DA:363,0
DA:376,0
DA:378,0
DA:379,0
DA:382,0
LF:87
LH:0
BRDA:42,0,0,0
BRDA:42,0,1,0
BRDA:66,1,0,0
BRDA:66,1,1,0
BRDA:76,2,0,0
BRDA:76,2,1,0
BRDA:141,3,0,0
BRDA:141,3,1,0
BRDA:141,4,0,0
BRDA:141,4,1,0
BRDA:148,5,0,0
BRDA:148,5,1,0
BRDA:157,6,0,0
BRDA:157,6,1,0
BRDA:228,7,0,0
BRDA:228,7,1,0
BRDA:232,8,0,0
BRDA:232,8,1,0
BRDA:236,9,0,0
BRDA:236,9,1,0
BRDA:240,10,0,0
BRDA:240,10,1,0
BRDA:254,11,0,0
BRDA:254,11,1,0
BRDA:256,12,0,0
BRDA:256,12,1,0
BRDA:259,13,0,0
BRDA:259,13,1,0
BRDA:323,14,0,0
BRDA:323,14,1,0
BRDA:326,15,0,0
BRDA:326,15,1,0
BRDA:329,16,0,0
BRDA:329,16,1,0
BRDA:330,17,0,0
BRDA:330,17,1,0
BRF:36
BRH:0
end_of_record
TN:
SF:src/core/template-engine.ts
FN:25,(anonymous_9)
FN:39,(anonymous_10)
FN:41,(anonymous_11)
FN:46,(anonymous_12)
FN:49,(anonymous_13)
FN:79,(anonymous_14)
FN:84,(anonymous_15)
FN:97,(anonymous_16)
FN:101,(anonymous_17)
FN:120,(anonymous_18)
FN:312,(anonymous_19)
FN:317,(anonymous_20)
FN:373,(anonymous_21)
FN:378,(anonymous_22)
FN:384,(anonymous_23)
FN:391,(anonymous_24)
FN:392,(anonymous_25)
FN:397,(anonymous_26)
FN:398,(anonymous_27)
FN:403,(anonymous_28)
FN:404,(anonymous_29)
FN:409,(anonymous_30)
FN:410,(anonymous_31)
FN:415,(anonymous_32)
FN:416,(anonymous_33)
FN:420,(anonymous_34)
FN:426,(anonymous_35)
FN:450,(anonymous_36)
FN:488,(anonymous_37)
FN:514,(anonymous_38)
FN:542,(anonymous_39)
FN:550,(anonymous_40)
FN:554,(anonymous_41)
FN:560,(anonymous_42)
FN:604,(anonymous_43)
FN:620,(anonymous_44)
FN:644,(anonymous_45)
FN:648,(anonymous_46)
FN:657,(anonymous_47)
FN:660,(anonymous_48)
FN:672,(anonymous_49)
FN:736,(anonymous_50)
FN:856,(anonymous_51)
FN:984,(anonymous_52)
FN:1013,(anonymous_53)
FN:1140,(anonymous_54)
FNF:46
FNH:0
FNDA:0,(anonymous_9)
FNDA:0,(anonymous_10)
FNDA:0,(anonymous_11)
FNDA:0,(anonymous_12)
FNDA:0,(anonymous_13)
FNDA:0,(anonymous_14)
FNDA:0,(anonymous_15)
FNDA:0,(anonymous_16)
FNDA:0,(anonymous_17)
FNDA:0,(anonymous_18)
FNDA:0,(anonymous_19)
FNDA:0,(anonymous_20)
FNDA:0,(anonymous_21)
FNDA:0,(anonymous_22)
FNDA:0,(anonymous_23)
FNDA:0,(anonymous_24)
FNDA:0,(anonymous_25)
FNDA:0,(anonymous_26)
FNDA:0,(anonymous_27)
FNDA:0,(anonymous_28)
FNDA:0,(anonymous_29)
FNDA:0,(anonymous_30)
FNDA:0,(anonymous_31)
FNDA:0,(anonymous_32)
FNDA:0,(anonymous_33)
FNDA:0,(anonymous_34)
FNDA:0,(anonymous_35)
FNDA:0,(anonymous_36)
FNDA:0,(anonymous_37)
FNDA:0,(anonymous_38)
FNDA:0,(anonymous_39)
FNDA:0,(anonymous_40)
FNDA:0,(anonymous_41)
FNDA:0,(anonymous_42)
FNDA:0,(anonymous_43)
FNDA:0,(anonymous_44)
FNDA:0,(anonymous_45)
FNDA:0,(anonymous_46)
FNDA:0,(anonymous_47)
FNDA:0,(anonymous_48)
FNDA:0,(anonymous_49)
FNDA:0,(anonymous_50)
FNDA:0,(anonymous_51)
FNDA:0,(anonymous_52)
FNDA:0,(anonymous_53)
FNDA:0,(anonymous_54)
DA:1,0
DA:3,0
DA:4,0
DA:15,0
DA:26,0
DA:27,0
DA:28,0
DA:29,0
DA:30,0
DA:33,0
DA:35,0
DA:36,0
DA:41,0
DA:42,0
DA:46,0
DA:47,0
DA:49,0
DA:50,0
DA:52,0
DA:54,0
DA:56,0
DA:58,0
DA:60,0
DA:62,0
DA:64,0
DA:66,0
DA:68,0
DA:70,0
DA:72,0
DA:76,0
DA:79,0
DA:80,0
DA:82,0
DA:84,0
DA:94,0
DA:97,0
DA:98,0
DA:101,0
DA:102,0
DA:122,0
DA:152,0
DA:182,0
DA:213,0
DA:214,0
DA:218,0
DA:248,0
DA:278,0
DA:308,0
DA:312,0
DA:322,0
DA:326,0
DA:328,0
DA:331,0
DA:338,0
DA:339,0
DA:340,0
DA:341,0
DA:342,0
DA:345,0
DA:348,0
DA:353,0
DA:359,0
DA:368,0
DA:369,0
DA:377,0
DA:378,0
DA:381,0
DA:384,0
DA:388,0
DA:390,0
DA:391,0
DA:392,0
DA:396,0
DA:397,0
DA:398,0
DA:402,0
DA:403,0
DA:404,0
DA:408,0
DA:409,0
DA:410,0
DA:414,0
DA:415,0
DA:416,0
DA:420,0
DA:421,0
DA:422,0
DA:431,0
DA:447,0
DA:451,0
DA:452,0
DA:454,0
DA:457,0
DA:458,0
DA:459,0
DA:460,0
DA:462,0
DA:463,0
DA:464,0
DA:468,0
DA:469,0
DA:470,0
DA:473,0
DA:474,0
DA:475,0
DA:478,0
DA:479,0
DA:480,0
DA:481,0
DA:485,0
DA:491,0
DA:493,0
DA:495,0
DA:496,0
DA:497,0
DA:500,0
DA:501,0
DA:503,0
DA:506,0
DA:507,0
DA:508,0
DA:511,0
DA:515,0
DA:520,0
DA:524,0
DA:525,0
DA:526,0
DA:529,0
DA:530,0
DA:535,0
DA:537,0
DA:538,0
DA:546,0
DA:549,0
DA:550,0
DA:553,0
DA:554,0
DA:557,0
DA:568,0
DA:569,0
DA:570,0
DA:573,0
DA:574,0
DA:577,0
DA:578,0
DA:579,0
DA:581,0
DA:582,0
DA:584,0
DA:585,0
DA:586,0
DA:588,0
DA:589,0
DA:593,0
DA:598,0
DA:601,0
DA:605,0
DA:607,0
DA:609,0
DA:610,0
DA:611,0
DA:614,0
DA:621,0
DA:622,0
DA:624,0
DA:625,0
DA:626,0
DA:627,0
DA:628,0
DA:632,0
DA:637,0
DA:645,0
DA:646,0
DA:647,0
DA:648,0
DA:651,0
DA:657,0
DA:660,0
DA:665,0
DA:673,0
DA:737,0
DA:857,0
DA:985,0
DA:1006,0
DA:1010,0
DA:1014,0
DA:1141,0
LF:187
LH:0
BRDA:47,0,0,0
BRDA:47,0,1,0
BRDA:47,1,0,0
BRDA:47,1,1,0
BRDA:50,2,0,0
BRDA:50,2,1,0
BRDA:50,2,2,0
BRDA:50,2,3,0
BRDA:50,2,4,0
BRDA:50,2,5,0
BRDA:50,2,6,0
BRDA:50,2,7,0
BRDA:50,2,8,0
BRDA:50,2,9,0
BRDA:50,2,10,0
BRDA:80,3,0,0
BRDA:80,3,1,0
BRDA:80,4,0,0
BRDA:80,4,1,0
BRDA:388,5,0,0
BRDA:388,5,1,0
BRDA:388,5,2,0
BRDA:388,5,3,0
BRDA:388,5,4,0
BRDA:388,5,5,0
BRDA:391,6,0,0
BRDA:391,6,1,0
BRDA:397,7,0,0
BRDA:397,7,1,0
BRDA:403,8,0,0
BRDA:403,8,1,0
BRDA:409,9,0,0
BRDA:409,9,1,0
BRDA:415,10,0,0
BRDA:415,10,1,0
BRDA:457,11,0,0
BRDA:457,11,1,0
BRDA:458,12,0,0
BRDA:458,12,1,0
BRDA:462,13,0,0
BRDA:462,13,1,0
BRDA:468,14,0,0
BRDA:468,14,1,0
BRDA:473,15,0,0
BRDA:473,15,1,0
BRDA:478,16,0,0
BRDA:478,16,1,0
BRDA:493,17,0,0
BRDA:493,17,1,0
BRDA:493,17,2,0
BRDA:549,18,0,0
BRDA:549,18,1,0
BRDA:549,19,0,0
BRDA:549,19,1,0
BRDA:553,20,0,0
BRDA:553,20,1,0
BRDA:553,21,0,0
BRDA:553,21,1,0
BRDA:573,22,0,0
BRDA:573,22,1,0
BRDA:573,23,0,0
BRDA:573,23,1,0
BRDA:577,24,0,0
BRDA:577,24,1,0
BRDA:578,25,0,0
BRDA:578,25,1,0
BRDA:581,26,0,0
BRDA:581,26,1,0
BRDA:584,27,0,0
BRDA:584,27,1,0
BRDA:585,28,0,0
BRDA:585,28,1,0
BRDA:588,29,0,0
BRDA:588,29,1,0
BRDA:593,30,0,0
BRDA:593,30,1,0
BRDA:594,31,0,0
BRDA:594,31,1,0
BRDA:594,31,2,0
BRDA:610,32,0,0
BRDA:610,32,1,0
BRDA:625,33,0,0
BRDA:625,33,1,0
BRF:83
BRH:0
end_of_record
TN:
SF:src/core/validator.ts
FN:18,(anonymous_9)
FN:27,(anonymous_10)
FN:79,(anonymous_11)
FN:133,(anonymous_12)
FN:171,(anonymous_13)
FN:205,(anonymous_14)
FN:327,(anonymous_15)
FN:406,(anonymous_16)
FN:410,(anonymous_17)
FN:416,(anonymous_18)
FN:420,(anonymous_19)
FN:424,(anonymous_20)
FN:432,(anonymous_21)
FN:437,(anonymous_22)
FNF:14
FNH:0
FNDA:0,(anonymous_9)
FNDA:0,(anonymous_10)
FNDA:0,(anonymous_11)
FNDA:0,(anonymous_12)
FNDA:0,(anonymous_13)
FNDA:0,(anonymous_14)
FNDA:0,(anonymous_15)
FNDA:0,(anonymous_16)
FNDA:0,(anonymous_17)
FNDA:0,(anonymous_18)
FNDA:0,(anonymous_19)
FNDA:0,(anonymous_20)
FNDA:0,(anonymous_21)
FNDA:0,(anonymous_22)
DA:2,0
DA:3,0
DA:4,0
DA:14,0
DA:19,0
DA:20,0
DA:28,0
DA:36,0
DA:37,0
DA:38,0
DA:40,0
DA:43,0
DA:44,0
DA:45,0
DA:47,0
DA:50,0
DA:51,0
DA:52,0
DA:53,0
DA:54,0
DA:56,0
DA:59,0
DA:64,0
DA:66,0
DA:84,0
DA:85,0
DA:88,0
DA:89,0
DA:92,0
DA:93,0
DA:98,0
DA:99,0
DA:100,0
DA:102,0
DA:109,0
DA:115,0
DA:117,0
DA:118,0
DA:137,0
DA:139,0
DA:140,0
DA:141,0
DA:145,0
DA:147,0
DA:153,0
DA:154,0
DA:157,0
DA:158,0
DA:159,0
DA:163,0
DA:165,0
DA:167,0
DA:168,0
DA:172,0
DA:177,0
DA:178,0
DA:180,0
DA:190,0
DA:196,0
DA:209,0
DA:212,0
DA:213,0
DA:214,0
DA:215,0
DA:216,0
DA:217,0
DA:218,0
DA:222,0
DA:226,0
DA:227,0
DA:229,0
DA:273,0
DA:274,0
DA:275,0
DA:279,0
DA:280,0
DA:281,0
DA:286,0
DA:287,0
DA:292,0
DA:293,0
DA:297,0
DA:298,0
DA:302,0
DA:307,0
DA:308,0
DA:311,0
DA:312,0
DA:318,0
DA:331,0
DA:334,0
DA:339,0
DA:344,0
DA:345,0
DA:348,0
DA:349,0
DA:350,0
DA:355,0
DA:356,0
DA:361,0
DA:362,0
DA:366,0
DA:367,0
DA:368,0
DA:373,0
DA:377,0
DA:380,0
DA:381,0
DA:387,0
DA:392,0
DA:397,0
DA:410,0
DA:411,0
DA:413,0
DA:414,0
DA:416,0
DA:417,0
DA:420,0
DA:421,0
DA:424,0
DA:425,0
DA:432,0
DA:433,0
DA:437,0
DA:438,0
DA:439,0
DA:445,0
LF:127
LH:0
BRDA:18,0,0,0
BRDA:64,1,0,0
BRDA:64,1,1,0
BRDA:64,1,2,0
BRDA:84,2,0,0
BRDA:84,2,1,0
BRDA:84,3,0,0
BRDA:84,3,1,0
BRDA:88,4,0,0
BRDA:88,4,1,0
BRDA:88,5,0,0
BRDA:88,5,1,0
BRDA:140,6,0,0
BRDA:140,6,1,0
BRDA:153,7,0,0
BRDA:153,7,1,0
BRDA:158,8,0,0
BRDA:158,8,1,0
BRDA:167,9,0,0
BRDA:167,9,1,0
BRDA:172,10,0,0
BRDA:172,10,1,0
BRDA:172,10,2,0
BRDA:177,11,0,0
BRDA:177,11,1,0
BRDA:182,12,0,0
BRDA:182,12,1,0
BRDA:274,13,0,0
BRDA:274,13,1,0
BRDA:279,14,0,0
BRDA:279,14,1,0
BRDA:280,15,0,0
BRDA:280,15,1,0
BRDA:286,16,0,0
BRDA:286,16,1,0
BRDA:286,17,0,0
BRDA:286,17,1,0
BRDA:292,18,0,0
BRDA:292,18,1,0
BRDA:297,19,0,0
BRDA:297,19,1,0
BRDA:298,20,0,0
BRDA:298,20,1,0
BRDA:299,21,0,0
BRDA:299,21,1,0
BRDA:307,22,0,0
BRDA:307,22,1,0
BRDA:311,23,0,0
BRDA:311,23,1,0
BRDA:311,24,0,0
BRDA:311,24,1,0
BRDA:334,25,0,0
BRDA:334,25,1,0
BRDA:335,26,0,0
BRDA:335,26,1,0
BRDA:335,26,2,0
BRDA:344,27,0,0
BRDA:344,27,1,0
BRDA:344,28,0,0
BRDA:344,28,1,0
BRDA:348,29,0,0
BRDA:348,29,1,0
BRDA:349,30,0,0
BRDA:349,30,1,0
BRDA:355,31,0,0
BRDA:355,31,1,0
BRDA:361,32,0,0
BRDA:361,32,1,0
BRDA:366,33,0,0
BRDA:366,33,1,0
BRDA:367,34,0,0
BRDA:367,34,1,0
BRDA:373,35,0,0
BRDA:373,35,1,0
BRDA:374,36,0,0
BRDA:374,36,1,0
BRDA:380,37,0,0
BRDA:380,37,1,0
BRDA:380,38,0,0
BRDA:380,38,1,0
BRDA:387,39,0,0
BRDA:387,39,1,0
BRDA:388,40,0,0
BRDA:388,40,1,0
BRDA:388,40,2,0
BRDA:426,41,0,0
BRDA:426,41,1,0
BRF:87
BRH:0
end_of_record
